[2025-12-01 12:37:43.601] [INFO] AndonHostedService starting
[2025-12-01 12:37:43.618] [INFO] Starting Step1 initialization
[2025-12-01 12:37:43.633] [WARN] No Excel configuration files found: 設定ファイル(.xlsx)が見つかりません: C:\Users\1010821\Desktop\python\andon\publish\
[2025-12-01 12:37:43.634] [INFO] Step1 initialization completed
[2025-12-01 12:37:43.636] [INFO] Started monitoring configuration directory: ./config/
[2025-12-01 12:37:43.637] [INFO] Starting continuous data cycle
[2025-12-01 14:58:14.728] [INFO] AndonHostedService starting
[2025-12-01 14:58:14.747] [INFO] Starting Step1 initialization
[2025-12-01 14:58:15.364] [INFO] Loaded configuration files from C:\Users\1010821\Desktop\python\andon\publish\
[2025-12-01 14:58:15.369] [INFO] Step1 initialization completed
[2025-12-01 14:58:15.372] [INFO] Started monitoring configuration directory: ./config/
[2025-12-01 14:58:15.374] [DEBUG] [DEBUG] StartContinuousDataCycleAsync called - initResult.Success=True, _plcManagers=1, _plcConfigs=1
[2025-12-01 14:58:15.376] [INFO] Starting continuous data cycle
[2025-12-01 14:58:15.378] [DEBUG] [DEBUG] RunContinuousDataCycleAsync called - plcConfigs=1, plcManagers=1
[2025-12-01 14:58:15.383] [INFO] [INFO] Starting timer with interval: 1000ms
[2025-12-01 14:58:16.407] [DEBUG] [DEBUG] ExecuteMultiPlcCycleAsync_Internal called - plcManagers=1, plcConfigs=1
[2025-12-01 14:58:16.409] [INFO] [INFO] Starting PLC cycle for 1 PLC(s)
[2025-12-01 14:58:16.412] [DEBUG] [DEBUG] PLC #1 cycle starting - IP:172.30.40.40:8192
[2025-12-01 14:58:16.412] [DEBUG] [DEBUG] Step2: Building frame for PLC #1
[2025-12-01 14:58:16.419] [DEBUG] [DEBUG] Step2: Frame built successfully, size=837 bytes
[2025-12-01 14:58:16.420] [DEBUG] [DEBUG] Step3-6: Starting full cycle for PLC #1
[2025-12-01 14:58:17.430] [WARN] Previous cycle still running, skipping this interval
[2025-12-01 14:58:17.848] [ERROR] [ERROR] Step3-6: Full cycle failed for PLC #1 - Step4受信失敗: 受信タイムアウト（タイムアウト時間: 1000ms）
[2025-12-01 14:58:18.389] [DEBUG] [DEBUG] ExecuteMultiPlcCycleAsync_Internal called - plcManagers=1, plcConfigs=1
[2025-12-01 14:58:18.391] [INFO] [INFO] Starting PLC cycle for 1 PLC(s)
[2025-12-01 14:58:18.392] [DEBUG] [DEBUG] PLC #1 cycle starting - IP:172.30.40.40:8192
[2025-12-01 14:58:18.399] [DEBUG] [DEBUG] Step2: Building frame for PLC #1
[2025-12-01 14:58:18.400] [DEBUG] [DEBUG] Step2: Frame built successfully, size=837 bytes
[2025-12-01 14:58:18.401] [DEBUG] [DEBUG] Step3-6: Starting full cycle for PLC #1
[2025-12-01 14:58:19.386] [WARN] Previous cycle still running, skipping this interval
[2025-12-01 14:58:19.527] [ERROR] [ERROR] Step3-6: Full cycle failed for PLC #1 - Step4受信失敗: 受信タイムアウト（タイムアウト時間: 1000ms）
[2025-12-01 14:58:22.881] [INFO] AndonHostedService starting
[2025-12-01 14:58:22.902] [INFO] Starting Step1 initialization
[2025-12-01 14:58:23.338] [INFO] Loaded configuration files from C:\Users\1010821\Desktop\python\andon\publish\
[2025-12-01 14:58:23.341] [INFO] Step1 initialization completed
[2025-12-01 14:58:23.342] [INFO] Started monitoring configuration directory: ./config/
[2025-12-01 14:58:23.344] [DEBUG] [DEBUG] StartContinuousDataCycleAsync called - initResult.Success=True, _plcManagers=1, _plcConfigs=1
[2025-12-01 14:58:23.346] [INFO] Starting continuous data cycle
[2025-12-01 14:58:23.348] [DEBUG] [DEBUG] RunContinuousDataCycleAsync called - plcConfigs=1, plcManagers=1
[2025-12-01 14:58:23.351] [INFO] [INFO] Starting timer with interval: 1000ms
[2025-12-01 14:58:24.362] [DEBUG] [DEBUG] ExecuteMultiPlcCycleAsync_Internal called - plcManagers=1, plcConfigs=1
[2025-12-01 14:58:24.364] [INFO] [INFO] Starting PLC cycle for 1 PLC(s)
[2025-12-01 14:58:24.365] [DEBUG] [DEBUG] PLC #1 cycle starting - IP:172.30.40.40:8192
[2025-12-01 14:58:24.365] [DEBUG] [DEBUG] Step2: Building frame for PLC #1
[2025-12-01 14:58:24.367] [DEBUG] [DEBUG] Step2: Frame built successfully, size=837 bytes
[2025-12-01 14:58:24.367] [DEBUG] [DEBUG] Step3-6: Starting full cycle for PLC #1
[2025-12-01 14:58:25.375] [WARN] Previous cycle still running, skipping this interval
[2025-12-01 14:58:25.532] [ERROR] [ERROR] Step3-6: Full cycle failed for PLC #1 - Step4受信失敗: 受信タイムアウト（タイムアウト時間: 1000ms）
[2025-12-01 14:58:26.355] [DEBUG] [DEBUG] ExecuteMultiPlcCycleAsync_Internal called - plcManagers=1, plcConfigs=1
[2025-12-01 14:58:26.356] [INFO] [INFO] Starting PLC cycle for 1 PLC(s)
[2025-12-01 14:58:26.356] [DEBUG] [DEBUG] PLC #1 cycle starting - IP:172.30.40.40:8192
[2025-12-01 14:58:26.357] [DEBUG] [DEBUG] Step2: Building frame for PLC #1
[2025-12-01 14:58:26.357] [DEBUG] [DEBUG] Step2: Frame built successfully, size=837 bytes
[2025-12-01 14:58:26.357] [DEBUG] [DEBUG] Step3-6: Starting full cycle for PLC #1
[2025-12-01 14:58:27.365] [WARN] Previous cycle still running, skipping this interval
[2025-12-01 14:58:27.458] [ERROR] [ERROR] Step3-6: Full cycle failed for PLC #1 - Step4受信失敗: 受信タイムアウト（タイムアウト時間: 1000ms）
[2025-12-01 14:58:28.365] [DEBUG] [DEBUG] ExecuteMultiPlcCycleAsync_Internal called - plcManagers=1, plcConfigs=1
[2025-12-01 14:58:28.366] [INFO] [INFO] Starting PLC cycle for 1 PLC(s)
[2025-12-01 14:58:28.367] [DEBUG] [DEBUG] PLC #1 cycle starting - IP:172.30.40.40:8192
[2025-12-01 14:58:28.367] [DEBUG] [DEBUG] Step2: Building frame for PLC #1
[2025-12-01 14:58:28.368] [DEBUG] [DEBUG] Step2: Frame built successfully, size=837 bytes
[2025-12-01 14:58:28.368] [DEBUG] [DEBUG] Step3-6: Starting full cycle for PLC #1
[2025-12-01 14:58:29.364] [WARN] Previous cycle still running, skipping this interval
[2025-12-01 14:58:29.442] [ERROR] [ERROR] Step3-6: Full cycle failed for PLC #1 - Step4受信失敗: 受信タイムアウト（タイムアウト時間: 1000ms）
[2025-12-01 14:58:30.362] [DEBUG] [DEBUG] ExecuteMultiPlcCycleAsync_Internal called - plcManagers=1, plcConfigs=1
[2025-12-01 14:58:30.363] [INFO] [INFO] Starting PLC cycle for 1 PLC(s)
[2025-12-01 14:58:30.364] [DEBUG] [DEBUG] PLC #1 cycle starting - IP:172.30.40.40:8192
[2025-12-01 14:58:30.364] [DEBUG] [DEBUG] Step2: Building frame for PLC #1
[2025-12-01 14:58:30.365] [DEBUG] [DEBUG] Step2: Frame built successfully, size=837 bytes
[2025-12-01 14:58:30.365] [DEBUG] [DEBUG] Step3-6: Starting full cycle for PLC #1
[2025-12-01 14:58:31.357] [WARN] Previous cycle still running, skipping this interval
[2025-12-01 14:58:31.436] [ERROR] [ERROR] Step3-6: Full cycle failed for PLC #1 - Step4受信失敗: 受信タイムアウト（タイムアウト時間: 1000ms）
[2025-12-01 14:58:31.825] [INFO] AndonHostedService stopping
[2025-12-01 14:58:31.827] [INFO] Stopping application
[2025-12-01 14:58:31.829] [INFO] Stopped configuration monitoring
[2025-12-01 15:05:13.812] [INFO] AndonHostedService starting
[2025-12-01 15:05:13.836] [INFO] Starting Step1 initialization
[2025-12-01 15:05:14.305] [INFO] Loaded configuration files from C:\Users\1010821\Desktop\python\andon\publish\
[2025-12-01 15:05:14.307] [INFO] Step1 initialization completed
[2025-12-01 15:05:14.308] [INFO] Started monitoring configuration directory: ./config/
[2025-12-01 15:05:14.310] [DEBUG] [DEBUG] StartContinuousDataCycleAsync called - initResult.Success=True, _plcManagers=1, _plcConfigs=1
[2025-12-01 15:05:14.312] [INFO] Starting continuous data cycle
[2025-12-01 15:05:14.313] [DEBUG] [DEBUG] RunContinuousDataCycleAsync called - plcConfigs=1, plcManagers=1
[2025-12-01 15:05:14.316] [INFO] [INFO] Starting timer with interval: 1000ms
[2025-12-01 15:05:15.331] [DEBUG] [DEBUG] ExecuteMultiPlcCycleAsync_Internal called - plcManagers=1, plcConfigs=1
[2025-12-01 15:05:15.334] [INFO] [INFO] Starting PLC cycle for 1 PLC(s)
[2025-12-01 15:05:15.334] [DEBUG] [DEBUG] PLC #1 cycle starting - IP:172.30.40.40:8192
[2025-12-01 15:05:15.335] [DEBUG] [DEBUG] Step2: Building frame for PLC #1
[2025-12-01 15:05:15.337] [DEBUG] [DEBUG] Step2: Frame built successfully, size=837 bytes
[2025-12-01 15:05:15.337] [DEBUG] [DEBUG] Step3-6: Starting full cycle for PLC #1
[2025-12-01 15:05:16.337] [WARN] Previous cycle still running, skipping this interval
[2025-12-01 15:05:16.479] [ERROR] [ERROR] Step3-6: Full cycle failed for PLC #1 - Step4受信失敗: 受信タイムアウト（タイムアウト時間: 1000ms）
[2025-12-01 15:05:17.320] [DEBUG] [DEBUG] ExecuteMultiPlcCycleAsync_Internal called - plcManagers=1, plcConfigs=1
[2025-12-01 15:05:17.321] [INFO] [INFO] Starting PLC cycle for 1 PLC(s)
[2025-12-01 15:05:17.323] [DEBUG] [DEBUG] PLC #1 cycle starting - IP:172.30.40.40:8192
[2025-12-01 15:05:17.323] [DEBUG] [DEBUG] Step2: Building frame for PLC #1
[2025-12-01 15:05:17.324] [DEBUG] [DEBUG] Step2: Frame built successfully, size=837 bytes
[2025-12-01 15:05:17.324] [DEBUG] [DEBUG] Step3-6: Starting full cycle for PLC #1
[2025-12-01 15:05:18.320] [WARN] Previous cycle still running, skipping this interval
[2025-12-01 15:05:18.367] [ERROR] [ERROR] Step3-6: Full cycle failed for PLC #1 - Step4受信失敗: 受信タイムアウト（タイムアウト時間: 1000ms）
[2025-12-01 15:05:19.331] [DEBUG] [DEBUG] ExecuteMultiPlcCycleAsync_Internal called - plcManagers=1, plcConfigs=1
[2025-12-01 15:05:19.544] [INFO] [INFO] Starting PLC cycle for 1 PLC(s)
[2025-12-01 15:05:19.557] [DEBUG] [DEBUG] PLC #1 cycle starting - IP:172.30.40.40:8192
[2025-12-01 15:05:19.557] [DEBUG] [DEBUG] Step2: Building frame for PLC #1
[2025-12-01 15:05:19.557] [DEBUG] [DEBUG] Step2: Frame built successfully, size=837 bytes
[2025-12-01 15:05:19.558] [DEBUG] [DEBUG] Step3-6: Starting full cycle for PLC #1
[2025-12-01 15:05:20.331] [WARN] Previous cycle still running, skipping this interval
[2025-12-01 15:05:20.610] [ERROR] [ERROR] Step3-6: Full cycle failed for PLC #1 - Step4受信失敗: 受信タイムアウト（タイムアウト時間: 1000ms）
[2025-12-01 15:05:21.319] [DEBUG] [DEBUG] ExecuteMultiPlcCycleAsync_Internal called - plcManagers=1, plcConfigs=1
[2025-12-01 15:05:21.320] [INFO] [INFO] Starting PLC cycle for 1 PLC(s)
[2025-12-01 15:05:21.320] [DEBUG] [DEBUG] PLC #1 cycle starting - IP:172.30.40.40:8192
[2025-12-01 15:05:21.321] [DEBUG] [DEBUG] Step2: Building frame for PLC #1
[2025-12-01 15:05:21.321] [DEBUG] [DEBUG] Step2: Frame built successfully, size=837 bytes
[2025-12-01 15:05:21.321] [DEBUG] [DEBUG] Step3-6: Starting full cycle for PLC #1
[2025-12-01 15:05:22.335] [WARN] Previous cycle still running, skipping this interval
[2025-12-01 15:05:22.366] [ERROR] [ERROR] Step3-6: Full cycle failed for PLC #1 - Step4受信失敗: 受信タイムアウト（タイムアウト時間: 1000ms）
[2025-12-01 15:05:22.452] [INFO] AndonHostedService stopping
[2025-12-01 15:05:22.454] [INFO] Stopping application
[2025-12-01 15:05:22.455] [INFO] Stopped configuration monitoring
[2025-12-01 15:08:51.671] [INFO] AndonHostedService starting
[2025-12-01 15:08:51.691] [INFO] Starting Step1 initialization
[2025-12-01 15:08:52.133] [INFO] Loaded configuration files from C:\Users\1010821\Desktop\python\andon\publish\
[2025-12-01 15:08:52.135] [INFO] Step1 initialization completed
[2025-12-01 15:08:52.137] [INFO] Started monitoring configuration directory: ./config/
[2025-12-01 15:08:52.138] [DEBUG] [DEBUG] StartContinuousDataCycleAsync called - initResult.Success=True, _plcManagers=1, _plcConfigs=1
[2025-12-01 15:08:52.140] [INFO] Starting continuous data cycle
[2025-12-01 15:08:52.142] [DEBUG] [DEBUG] RunContinuousDataCycleAsync called - plcConfigs=1, plcManagers=1
[2025-12-01 15:08:52.145] [INFO] [INFO] Starting timer with interval: 1000ms
[2025-12-01 15:08:53.155] [DEBUG] [DEBUG] ExecuteMultiPlcCycleAsync_Internal called - plcManagers=1, plcConfigs=1
[2025-12-01 15:08:53.156] [INFO] [INFO] Starting PLC cycle for 1 PLC(s)
[2025-12-01 15:08:53.157] [DEBUG] [DEBUG] PLC #1 cycle starting - IP:172.30.40.40:8192
[2025-12-01 15:08:53.158] [DEBUG] [DEBUG] Step2: Building frame for PLC #1
[2025-12-01 15:08:53.160] [DEBUG] [DEBUG] Step2: Frame built successfully, size=837 bytes
[2025-12-01 15:08:53.161] [DEBUG] [DEBUG] Step3-6: Starting full cycle for PLC #1
[2025-12-01 15:08:54.169] [WARN] Previous cycle still running, skipping this interval
[2025-12-01 15:08:54.299] [INFO] AndonHostedService stopping
[2025-12-01 15:08:54.300] [INFO] Stopping application
[2025-12-01 15:08:54.301] [INFO] Stopped configuration monitoring
[2025-12-01 15:08:54.325] [ERROR] [ERROR] Step3-6: Full cycle failed for PLC #1 - Step4受信失敗: 受信タイムアウト（タイムアウト時間: 1000ms）
